Arguments: 
  C:\Program Files\nodejs\node.exe C:\Program Files (x86)\Yarn\bin\yarn.js

PATH: 
  C:\ProgramData\Oracle\Java\javapath;C:\Program Files\Dell\DW WLAN Card;C:\Program Files (x86)\Intel\iCLS Client\;C:\Program Files\Intel\iCLS Client\;C:\WINDOWS\system32;C:\WINDOWS;C:\WINDOWS\System32\Wbem;C:\WINDOWS\System32\WindowsPowerShell\v1.0\;C:\Program Files (x86)\Intel\Intel(R) Management Engine Components\DAL;C:\Program Files\Intel\Intel(R) Management Engine Components\DAL;C:\Program Files (x86)\Intel\Intel(R) Management Engine Components\IPT;C:\Program Files\Intel\Intel(R) Management Engine Components\IPT;c:\Program Files\WIDCOMM\Bluetooth Software\;c:\Program Files\WIDCOMM\Bluetooth Software\syswow64;C:\Program Files (x86)\CenturyLink\CenturyLink Assistant Enterprise\bin;C:\Program Files (x86)\Hyland\Web ActiveX\;C:\Program Files\Microsoft SQL Server\130\Tools\Binn\;C:\Program Files\PuTTY\;C:\Program Files\dotnet\;C:\WINDOWS\system32\config\systemprofile\.dnx\bin;C:\Program Files\Microsoft DNX\Dnvm\;C:\Program Files\Git\cmd;C:\Program Files\nodejs\;C:\Program Files (x86)\Yarn\bin\;C:\Ruby24-x64\bin;C:\Users\rmasen\.cargo\bin;C:\Users\rmasen\scoop\shims;C:\Users\rmasen\AppData\Local\Programs\Python\Python36\Scripts\;C:\Users\rmasen\AppData\Local\Programs\Python\Python36\;C:\Users\rmasen\AppData\Local\Programs\Python\Launcher\;C:\Users\rmasen\AppData\Local\Microsoft\WindowsApps;C:\Program Files (x86)\Microsoft VS Code\bin;C:\Program Files\Heroku\bin;C:\Users\rmasen\Documents\projects\bin;C:\Users\rmasen\AppData\Roaming\npm;C:\Users\rmasen\AppData\Local\Yarn\binC:\Users\rmasen\Documents\projects\ser_test\node_modules\.bin

Yarn version: 
  1.5.1

Node version: 
  9.5.0

Platform: 
  win32 x64

npm manifest: 
  {
    "dependencies": {
      "webpack": "^4.5.0",
      "webpack-cli": "^2.0.14",
      "webpack-dev-server": "^3.1.3"
    }
  }

yarn manifest: 
  No manifest

Lockfile: 
  No lockfile

Trace: 
  Error: EPERM: operation not permitted, lstat 'C:\Users\rmasen\Documents\projects\ser_test\node_modules\ansi-html\.npmignore'
